<?xml version="1.0" encoding="UTF-8"?>
<!-- Generated by org.testng.reporters.JUnitXMLReporter -->
<testsuite hostname="PUNLJYGZPF2" ignored="0" name="Test1" tests="4" failures="0" timestamp="12 Sep 2018 06:55:38 GMT" time="0.047" errors="0">
  <testcase name="testCaseOne" time="0.0" classname="com.parallel.TestParallelClassTwo"/>
  <testcase name="testCaseOne" time="0.0" classname="com.parallel.TestParallelClassOne"/>
  <testcase name="testCaseTwo" time="0.016" classname="com.parallel.TestParallelClassOne"/>
  <testcase name="testCaseTwo" time="0.016" classname="com.parallel.TestParallelClassTwo"/>
</testsuite> <!-- Test1 -->
