<?xml version="1.0" encoding="UTF-8"?>
<testng-results skipped="0" failed="0" ignored="0" total="4" passed="4">
  <reporter-output>
  </reporter-output>
  <suite name="Parallel test suite" duration-ms="47" started-at="2018-09-12T06:55:37Z" finished-at="2018-09-12T06:55:38Z">
    <groups>
    </groups>
    <test name="Test1" duration-ms="47" started-at="2018-09-12T06:55:37Z" finished-at="2018-09-12T06:55:38Z">
      <class name="com.parallel.TestParallelClassOne">
        <test-method status="PASS" signature="testCaseOne()[pri:0, instance:com.parallel.TestParallelClassOne@2ef5e5e3]" name="testCaseOne" duration-ms="0" started-at="2018-09-12T06:55:38Z" finished-at="2018-09-12T06:55:38Z">
          <reporter-output>
          </reporter-output>
        </test-method> <!-- testCaseOne -->
        <test-method status="PASS" signature="testCaseTwo()[pri:0, instance:com.parallel.TestParallelClassOne@2ef5e5e3]" name="testCaseTwo" duration-ms="16" started-at="2018-09-12T06:55:38Z" finished-at="2018-09-12T06:55:38Z">
          <reporter-output>
          </reporter-output>
        </test-method> <!-- testCaseTwo -->
      </class> <!-- com.parallel.TestParallelClassOne -->
      <class name="com.parallel.TestParallelClassTwo">
        <test-method status="PASS" signature="testCaseOne()[pri:0, instance:com.parallel.TestParallelClassTwo@3a82f6ef]" name="testCaseOne" duration-ms="0" started-at="2018-09-12T06:55:38Z" finished-at="2018-09-12T06:55:38Z">
          <reporter-output>
          </reporter-output>
        </test-method> <!-- testCaseOne -->
        <test-method status="PASS" signature="testCaseTwo()[pri:0, instance:com.parallel.TestParallelClassTwo@3a82f6ef]" name="testCaseTwo" duration-ms="16" started-at="2018-09-12T06:55:38Z" finished-at="2018-09-12T06:55:38Z">
          <reporter-output>
          </reporter-output>
        </test-method> <!-- testCaseTwo -->
      </class> <!-- com.parallel.TestParallelClassTwo -->
    </test> <!-- Test1 -->
  </suite> <!-- Parallel test suite -->
</testng-results>
